[0mGET / [36m304 [0m108.817 ms - -[0m
[0mGET / [36m304 [0m89.326 ms - -[0m
[0mGET / [36m304 [0m119.679 ms - -[0m
[0mGET / [36m304 [0m190.518 ms - -[0m
[0mGET /bootstrap/dist/css/bootstrap.min.css [36m304 [0m40.896 ms - -[0m
[0mGET /javascripts/index.js [36m304 [0m0.813 ms - -[0m
[0mGET /jquery/dist/jquery.min.js [36m304 [0m38.008 ms - -[0m
[0mGET /bootstrap/dist/js/bootstrap.min.js [36m304 [0m19.795 ms - -[0m
yeahhhh has joined the server.
yeahhhh:  here we go
yeahhhh:  yeah yeah 
yeahhhh:  yeah 
yeahhhh has left the server.
[0mGET / [36m304 [0m11.412 ms - -[0m
[0mGET /bootstrap/dist/css/bootstrap.min.css [36m304 [0m1.005 ms - -[0m
[0mGET /javascripts/index.js [36m304 [0m19.024 ms - -[0m
[0mGET /jquery/dist/jquery.min.js [36m304 [0m20.394 ms - -[0m
[0mGET /bootstrap/dist/js/bootstrap.min.js [36m304 [0m38.021 ms - -[0m
me has joined the server.
[0mGET / [36m304 [0m119.892 ms - -[0m
[0mGET /javascripts/index.js [36m304 [0m20.357 ms - -[0m
[0mGET /jquery/dist/jquery.min.js [36m304 [0m40.155 ms - -[0m
[0mGET / [36m304 [0m89.605 ms - -[0m
[0mGET / [36m304 [0m98.707 ms - -[0m
[0mGET /bootstrap/dist/css/bootstrap.min.css [36m304 [0m29.494 ms - -[0m
[0mGET /jquery/dist/jquery.min.js [36m304 [0m30.175 ms - -[0m
[0mGET /bootstrap/dist/js/bootstrap.min.js [36m304 [0m29.812 ms - -[0m
[0mGET /javascripts/index.js [36m304 [0m0.298 ms - -[0m
hey  has joined the server.
hey :  
hey :  
hey :  
hey :  
hey :  
hey :  
hey :  
hey :  
hey :  
hey :  j
hey :  
hey :  
hey :  
hey :  
hey :  
hey :  
hey :  
hey :  
hey :  
hey :  
hey :  
hey :  
hey :  
hey :  
hey :  
[0mGET / [36m304 [0m118.765 ms - -[0m
[0mGET /bootstrap/dist/css/bootstrap.min.css [36m304 [0m69.266 ms - -[0m
[0mGET /jquery/dist/jquery.min.js [36m304 [0m69.644 ms - -[0m
[0mGET /javascripts/index.js [36m304 [0m38.884 ms - -[0m
here has joined the server.
here:  y
here:  
here:  
here:  
here:  
here:  
here:  
here:  
here:  
here:  
here:  
here:  
here:  
here:  
here:  
here:  
here:  
here:  
here:  
here:  
here:  
here:  
here:  
here:  oh wow
here:  
here:  
here:  
here:  
here:  
here:  
here:  
here:  
here:  
here:  
here:  
here:  
here:  
here:  
here:  
here:  
here:  
here:  
here:  
here:  
here:  
here:  
here:  
here:  
here:  
here:  
here:  
here:  
here:  
here:  
here:  
here:  
here:  
here:  
here:  
here:  
here:  
here:  
here:  
here:  
here:  
here:  
here:  
here:  
here:  
here:  
here:  
here:  
here:  
here:  
here:  
here:  
here:  
here:  
here:  
here:  
here:  
here:  
here:  
here:  
here:  
here:  
here:  
here:  
here:  
here:  
here:  
here:  
here:  
here:  
here:  
here:  
here:  
here:  
here:  
here:  
here:  
here:  
here:  
here:  
here:  
here:  
here:  
here:  
here:  
here:  
here:  
here:  
here:  
here:  
here:  
here:  
here:  
here:  
here:  
here:  
here:  
here:  
here:  
here:  
here:  
here:  
here:  
here:  
here:  
[0mGET /bootstrap/dist/css/bootstrap.min.css [36m304 [0m50.855 ms - -[0m
[0mGET /jquery/dist/jquery.min.map [36m304 [0m10.861 ms - -[0m
[0mGET /jquery/dist/jquery.js [36m304 [0m0.727 ms - -[0m
[0mGET / [36m304 [0m80.132 ms - -[0m
here has left the server.
[0mGET /bootstrap/dist/css/bootstrap.min.css [36m304 [0m0.991 ms - -[0m
[0mGET /jquery/dist/jquery.min.js [36m304 [0m1.726 ms - -[0m
[0mGET /javascripts/index.js [36m304 [0m1.333 ms - -[0m
[0mGET /bootstrap/dist/js/bootstrap.min.js [36m304 [0m18.901 ms - -[0m
[0mGET /jquery/dist/jquery.min.map [36m304 [0m0.984 ms - -[0m
[0mGET /jquery/dist/jquery.js [36m304 [0m0.500 ms - -[0m
on has joined the server.
[0mGET / [32m200 [0m105.713 ms - 2684[0m
[0mGET / [36m304 [0m116.763 ms - -[0m
[0mGET /javascripts/index.js [36m304 [0m18.507 ms - -[0m
[0mGET /bootstrap/dist/css/bootstrap.min.css [36m304 [0m47.959 ms - -[0m
[0mGET /bootstrap/dist/js/bootstrap.min.js [36m304 [0m38.891 ms - -[0m
[0mGET /jquery/dist/jquery.min.js [36m304 [0m30.718 ms - -[0m
[0mGET /jquery/dist/jquery.min.map [36m304 [0m0.643 ms - -[0m
[0mGET /jquery/dist/jquery.js [36m304 [0m0.589 ms - -[0m
here has joined the server.
here:  sfd
here:  f
here:  d
here:  d
here:  fd
here:  fd
here:  f
here:  
here:  
here:  
here:  
here:  
here:  
here:  
here:  
here:  
here:  
here:  
here:  
here:  
here:  
here:  
here:  
here:  
here:  
here:  
here:  
here:  
here:  
here:  
here:  
here:  
[0mGET / [36m304 [0m87.873 ms - -[0m
[0mGET /bootstrap/dist/js/bootstrap.min.js [36m304 [0m31.079 ms - -[0m
[0mGET /bootstrap/dist/css/bootstrap.min.css [36m304 [0m48.377 ms - -[0m
[0mGET /jquery/dist/jquery.min.js [36m304 [0m47.886 ms - -[0m
[0mGET /javascripts/index.js [32m200 [0m19.839 ms - 2439[0m
[0mGET /jquery/dist/jquery.min.map [36m304 [0m0.449 ms - -[0m
[0mGET /jquery/dist/jquery.js [36m304 [0m0.790 ms - -[0m
hey has joined the server.
hey:  dfkld
hey:  f
hey:  d
hey:  
hey:  a
hey:  fd
hey:  
hey:  d
hey:  d
hey:  d
hey:  d
hey:  d
hey:  d
hey:  d
hey:  
hey:  
hey:  
hey:  
hey:  
hey:  
hey:  
hey:  
hey:  
hey:  
hey:  
hey:  
hey:  
[0mGET / [36m304 [0m78.088 ms - -[0m
[0mGET / [36m304 [0m80.142 ms - -[0m
[0mGET /bootstrap/dist/css/bootstrap.min.css [36m304 [0m19.458 ms - -[0m
[0mGET /jquery/dist/jquery.min.js [36m304 [0m29.673 ms - -[0m
[0mGET /bootstrap/dist/js/bootstrap.min.js [36m304 [0m20.298 ms - -[0m
[0mGET /javascripts/index.js [32m200 [0m38.785 ms - 2432[0m
[0mGET /jquery/dist/jquery.min.map [36m304 [0m0.411 ms - -[0m
[0mGET /jquery/dist/jquery.js [36m304 [0m0.564 ms - -[0m
hey  has joined the server.
hey :  dflkjd
hey :  f
hey :  d
hey :  d
hey :  d
hey :  d
hey :  
hey :  d
hey :  d
hey :  d
hey :  d
hey :  
hey :  d
hey :  
hey :  
hey :  
hey :  
hey :  
hey :  
hey :  
hey :  
hey :  
hey :  
hey :  
hey :  
hey :  
hey :  
[0mGET / [36m304 [0m77.741 ms - -[0m
[0mGET /bootstrap/dist/css/bootstrap.min.css [36m304 [0m47.109 ms - -[0m
[0mGET /jquery/dist/jquery.min.js [36m304 [0m48.341 ms - -[0m
[0mGET /bootstrap/dist/js/bootstrap.min.js [36m304 [0m48.154 ms - -[0m
[0mGET /javascripts/index.js [32m200 [0m58.019 ms - 2449[0m
[0mGET /jquery/dist/jquery.min.map [36m304 [0m0.490 ms - -[0m
[0mGET /jquery/dist/jquery.js [36m304 [0m1.492 ms - -[0m
[0mGET / [36m304 [0m2.160 ms - -[0m
[0mGET / [36m304 [0m107.990 ms - -[0m
[0mGET /javascripts/index.js [36m304 [0m10.402 ms - -[0m
[0mGET /bootstrap/dist/css/bootstrap.min.css [36m304 [0m57.703 ms - -[0m
[0mGET /bootstrap/dist/js/bootstrap.min.js [36m304 [0m49.185 ms - -[0m
[0mGET /jquery/dist/jquery.min.js [36m304 [0m48.934 ms - -[0m
[0mGET /jquery/dist/jquery.min.map [36m304 [0m1.208 ms - -[0m
[0mGET /jquery/dist/jquery.js [36m304 [0m1.543 ms - -[0m
[0mGET / [36m304 [0m89.156 ms - -[0m
[0mGET /bootstrap/dist/css/bootstrap.min.css [36m304 [0m11.488 ms - -[0m
[0mGET /jquery/dist/jquery.min.js [36m304 [0m8.939 ms - -[0m
[0mGET /bootstrap/dist/js/bootstrap.min.js [36m304 [0m20.263 ms - -[0m
[0mGET /javascripts/index.js [32m200 [0m30.166 ms - 2433[0m
[0mGET /jquery/dist/jquery.min.map [36m304 [0m0.574 ms - -[0m
[0mGET /jquery/dist/jquery.js [36m304 [0m0.578 ms - -[0m
[0mGET / [36m304 [0m61.023 ms - -[0m
[0mGET / [36m304 [0m88.524 ms - -[0m
[0mGET /bootstrap/dist/css/bootstrap.min.css [36m304 [0m20.057 ms - -[0m
[0mGET /jquery/dist/jquery.min.js [36m304 [0m30.061 ms - -[0m
[0mGET /bootstrap/dist/js/bootstrap.min.js [36m304 [0m49.533 ms - -[0m
[0mGET /javascripts/index.js [32m200 [0m50.455 ms - 2428[0m
[0mGET /jquery/dist/jquery.min.map [36m304 [0m0.437 ms - -[0m
[0mGET /jquery/dist/jquery.js [36m304 [0m8.695 ms - -[0m
thomas has joined the server.
thomas:  sjflkd
thomas:  d
thomas:  d
thomas:  
thomas:  
thomas:  d
thomas:  
thomas:  
thomas:  
thomas:  
thomas:  
thomas:  
thomas:  
thomas:  
thomas:  
thomas:  
thomas:  
thomas:  
thomas:  
thomas:  
thomas:  
thomas:  
thomas:  
thomas:  
thomas:  
thomas:  
thomas:  
[0mGET / [36m304 [0m81.797 ms - -[0m
[0mGET / [36m304 [0m75.678 ms - -[0m
[0mGET /bootstrap/dist/css/bootstrap.min.css [36m304 [0m29.186 ms - -[0m
[0mGET /bootstrap/dist/js/bootstrap.min.js [36m304 [0m40.231 ms - -[0m
[0mGET /jquery/dist/jquery.min.js [36m304 [0m49.396 ms - -[0m
[0mGET /javascripts/index.js [32m200 [0m59.609 ms - 2431[0m
[0mGET /jquery/dist/jquery.min.map [36m304 [0m0.447 ms - -[0m
[0mGET /jquery/dist/jquery.js [36m304 [0m0.510 ms - -[0m
[0mGET / [36m304 [0m78.926 ms - -[0m
[0mGET /bootstrap/dist/css/bootstrap.min.css [36m304 [0m29.115 ms - -[0m
[0mGET /jquery/dist/jquery.min.js [36m304 [0m37.030 ms - -[0m
[0mGET /bootstrap/dist/js/bootstrap.min.js [36m304 [0m48.011 ms - -[0m
[0mGET /javascripts/index.js [32m200 [0m65.721 ms - 2436[0m
[0mGET /jquery/dist/jquery.min.map [36m304 [0m0.513 ms - -[0m
[0mGET /jquery/dist/jquery.js [36m304 [0m0.533 ms - -[0m
[0mGET / [32m200 [0m78.976 ms - 2706[0m
[0mGET /bootstrap/dist/css/bootstrap.min.css [36m304 [0m29.051 ms - -[0m
[0mGET /jquery/dist/jquery.min.js [36m304 [0m30.087 ms - -[0m
[0mGET /bootstrap/dist/js/bootstrap.min.js [36m304 [0m29.001 ms - -[0m
[0mGET /javascripts/index.js [32m200 [0m40.017 ms - 2436[0m
[0mGET /jquery/dist/jquery.min.map [36m304 [0m0.546 ms - -[0m
[0mGET /jquery/dist/jquery.js [36m304 [0m0.412 ms - -[0m
n has joined the server.
n:  
n:  
n:  
n:  
n:  
n:  
n:  
n:  
n:  
n:  
n:  
n:  
n:  
n:  
n:  
n:  
n:  
n:  
n:  
n:  
n:  
n:  
n:  
n:  
n:  
n:  
[0mGET / [36m304 [0m80.964 ms - -[0m
[0mGET / [36m304 [0m89.189 ms - -[0m
[0mGET /bootstrap/dist/css/bootstrap.min.css [36m304 [0m29.468 ms - -[0m
[0mGET /javascripts/index.js [36m304 [0m29.149 ms - -[0m
[0mGET /jquery/dist/jquery.min.js [36m304 [0m38.027 ms - -[0m
[0mGET /bootstrap/dist/js/bootstrap.min.js [36m304 [0m30.199 ms - -[0m
[0mGET /jquery/dist/jquery.min.map [36m304 [0m0.448 ms - -[0m
[0mGET /jquery/dist/jquery.js [36m304 [0m0.558 ms - -[0m
jdkajsfla has joined the server.
jdkajsfla:  df
jdkajsfla:  afd
jdkajsfla:  f
jdkajsfla:  dd
jdkajsfla:  d
jdkajsfla:  d
jdkajsfla:  d
jdkajsfla:  d
[0mGET / [36m304 [0m11.326 ms - -[0m
jdkajsfla has left the server.
[0mGET /bootstrap/dist/css/bootstrap.min.css [36m304 [0m12.965 ms - -[0m
[0mGET /javascripts/index.js [36m304 [0m9.522 ms - -[0m
[0mGET /bootstrap/dist/js/bootstrap.min.js [36m304 [0m19.664 ms - -[0m
[0mGET /jquery/dist/jquery.min.js [36m304 [0m19.059 ms - -[0m
[0mGET /jquery/dist/jquery.min.map [36m304 [0m0.513 ms - -[0m
[0mGET /jquery/dist/jquery.js [36m304 [0m0.405 ms - -[0m
df has joined the server.
df:  asd
df:  sa
df:  s
df:  s
df:  d
df:  dadf
[0mGET / [36m304 [0m12.441 ms - -[0m
df has left the server.
[0mGET /javascripts/index.js [36m304 [0m11.198 ms - -[0m
[0mGET /bootstrap/dist/css/bootstrap.min.css [36m304 [0m22.330 ms - -[0m
[0mGET /jquery/dist/jquery.min.js [36m304 [0m21.536 ms - -[0m
[0mGET /bootstrap/dist/js/bootstrap.min.js [36m304 [0m0.461 ms - -[0m
[0mGET /jquery/dist/jquery.min.map [36m304 [0m0.511 ms - -[0m
[0mGET /jquery/dist/jquery.js [36m304 [0m1.312 ms - -[0m
fdaf has joined the server.
fdaf:  a
fdaf:  a
fdaf:  a
fdaf:  a
[0mGET / [36m304 [0m156.632 ms - -[0m
[0mGET /javascripts/index.js [36m304 [0m20.278 ms - -[0m
[0mGET /bootstrap/dist/css/bootstrap.min.css [36m304 [0m78.112 ms - -[0m
[0mGET /jquery/dist/jquery.min.js [36m304 [0m59.500 ms - -[0m
[0mGET /bootstrap/dist/js/bootstrap.min.js [36m304 [0m40.418 ms - -[0m
[0mGET /jquery/dist/jquery.min.map [36m304 [0m0.608 ms - -[0m
[0mGET /jquery/dist/jquery.js [36m304 [0m18.971 ms - -[0m
thomas  has joined the server.
thomas :  test 
thomas :  tes
[0mGET / [32m200 [0m10.821 ms - 2706[0m
[0mGET /bootstrap/dist/css/bootstrap.min.css [32m200 [0m20.081 ms - 122540[0m
[0mGET /javascripts/index.js [32m200 [0m29.359 ms - 2436[0m
[0mGET /bootstrap/dist/js/bootstrap.min.js [32m200 [0m39.292 ms - 36816[0m
[0mGET /jquery/dist/jquery.min.js [32m200 [0m40.105 ms - 84380[0m
[0mGET /favicon.ico [32m200 [0m0.631 ms - 1150[0m
griffin  has joined the server.
griffin :  yes 
thomas :  haha yes!
griffin :  i said yes haha
thomas :  IT WORKS 
griffin :  yes 
griffin :  obama am i right
thomas :  what?
thomas :  trump2016!
thomas :  said no one ever...
griffin :  rand paul?
thomas :  ron paul? 
griffin :  jim webb
thomas :  ron swanson
griffin :  leslie knope
thomas :  I feel like you're just making up names now
griffin :  tammy swanson
thomas :  I'm about to start looking these people up 
griffin :  barry allen
thomas :  is this how you spend your nights?
griffin  has left the server.
thomas  has left the server.
[0mGET / [36m304 [0m151.544 ms - -[0m
[0mGET /javascripts/index.js [36m304 [0m17.690 ms - -[0m
[0mGET /bootstrap/dist/css/bootstrap.min.css [36m304 [0m29.025 ms - -[0m
[0mGET /bootstrap/dist/js/bootstrap.min.js [36m304 [0m20.367 ms - -[0m
[0mGET /jquery/dist/jquery.min.js [36m304 [0m20.293 ms - -[0m
thomas has joined the server.
thomas has left the server.
